Application Internal Error - C:\CONTPER\NODOSIMP.EXE
Terminated at: 2016.08.01 15:30:10
Error irrecuperable 6005: Exception error: 

    Exception Code:C0000005
    Exception Address:75D879E6
    EAX:00000000  EBX:00791E58  ECX:3EA57FEF  EDX:00507F80
    ESI:0079A650  EDI:00799CB8  EBP:0022E6F8
    CS:EIP:001B:75D879E6  SS:ESP:0023:0022E6E8
    DS:0023  ES:0023  FS:003B  GS:0000
    Flags:00010206
    CS:EIP: FF 50 04 FF 73 18 33 C0 39 45 08 0F 85 12 72 FF
    SS:ESP: 0079A650 00000001 00000000 00000002 0022E720 75D809CE 00000001 00000001 00000002 00000000 01D66834 00000001 002EEFEC 00791E58 0022E738 75D5ED55

    C stack:
    EIP:     EBP:       Frame: OldEBP, RetAddr, Params...
    75D879E6 0022E6F8   0022E720 75D809CE 00000001 00000001 00000002 00000000 01D66834 00000001 002EEFEC 00791E58
    75D809CE 0022E720   0022E738 75D5ED55 00000000 00000002 002EEFEC 0000001F
    75D5ED55 0022E738   0022E748 75D5EFE6 00000000 00000002
    75D5EFE6 0022E748   0022E758 0040B2C2 00000000 01D66834
    0040B2C2 0022E758   0022E780 00436C28 002EF08C 005060E0 0022E780 00000020 002EF06C 00000000 00002B93 0042F137


Modules:
0x00400000 0x001A8000 C:\CONTPER\NODOSIMP.EXE
0x776B0000 0x00142000 C:\Windows\SYSTEM32\ntdll.dll
0x77090000 0x000D5000 C:\Windows\system32\kernel32.dll
0x75910000 0x0004B000 C:\Windows\system32\KERNELBASE.dll
0x75BF0000 0x000A1000 C:\Windows\system32\ADVAPI32.DLL
0x771B0000 0x000AC000 C:\Windows\system32\msvcrt.dll
0x77410000 0x00019000 C:\Windows\SYSTEM32\sechost.dll
0x77260000 0x000A2000 C:\Windows\system32\RPCRT4.dll
0x745B0000 0x0019E000 C:\Windows\WinSxS\x86_microsoft.windows.common-controls_6595b64144ccf1df_6.0.7601.18837_none_41e855142bd5705d\COMCTL32.DLL
0x77830000 0x0004E000 C:\Windows\system32\GDI32.dll
0x760B0000 0x000C9000 C:\Windows\system32\USER32.dll
0x77430000 0x0000A000 C:\Windows\system32\LPK.dll
0x75CA0000 0x0009D000 C:\Windows\system32\USP10.dll
0x77880000 0x00057000 C:\Windows\system32\SHLWAPI.dll
0x763C0000 0x0007B000 C:\Windows\system32\COMDLG32.DLL
0x76440000 0x00C4B000 C:\Windows\system32\SHELL32.dll
0x75D40000 0x0015C000 C:\Windows\system32\OLE32.dll
0x761E0000 0x0008F000 C:\Windows\system32\OLEAUT32.DLL
0x6D360000 0x00032000 C:\Windows\system32\WINMM.DLL
0x71910000 0x00051000 C:\Windows\system32\WINSPOOL.DRV
0x778E0000 0x0001F000 C:\Windows\system32\IMM32.DLL
0x77440000 0x000CC000 C:\Windows\system32\MSCTF.dll
0x75590000 0x0000C000 C:\Windows\system32\CRYPTBASE.dll
0x74400000 0x00040000 C:\Windows\system32\uxtheme.dll
0x740A0000 0x00013000 C:\Windows\system32\dwmapi.dll
0x10000000 0x000E0000 C:\Windows\system32\spool\DRIVERS\W32X86\3\ssj1mdu.dll
0x75330000 0x00008000 C:\Windows\system32\Secur32.dll
0x75520000 0x0001B000 C:\Windows\system32\SSPICLI.DLL
0x77370000 0x00083000 C:\Windows\system32\CLBCatQ.DLL
0x71190000 0x00158000 C:\Windows\System32\msxml6.dll
0x751C0000 0x00017000 C:\Windows\System32\bcrypt.dll
0x74D70000 0x0003D000 C:\Windows\system32\bcryptprimitives.dll
0x59A30000 0x000BA000 C:\Windows\system32\spool\DRIVERS\W32X86\3\UNIDRVUI.DLL
0x74B20000 0x00009000 C:\Windows\system32\VERSION.dll
0x637B0000 0x00023000 C:\Windows\system32\spool\DRIVERS\W32X86\3\EP7UIP00.DLL
0x5AA40000 0x0005E000 C:\Windows\system32\spool\DRIVERS\W32X86\3\UNIDRV.DLL

Called from _EXITPROCESS2(0)
Called from EXITPROCESS(2159) in h_windows.prg
Called from RELEASEALLWINDOWS(2540) in h_form.prg
Called from TFORMMAIN:RELEASE(1758) in h_form.prg
Called from DOMETHOD(946) in h_controlmisc.prg
Called from IMPRIME(726) in nodosimp.prg
Called from (b)MAIN(145) in nodosimp.prg
Called from (b)EVAL(0)
Called from _OOHG_EVAL_ARRAY(0)
Called from TFORMMAIN:DOEVENT(999) in h_form.prg
Called from TFORMMAIN:PROCESSINITPROCEDURE(696) in h_form.prg
Called from TFORM:ACTIVATE(609) in h_form.prg
Called from TFORMMAIN:ACTIVATE(1752) in h_form.prg
Called from _ACTIVATEWINDOW(2478) in h_form.prg
Called from MAIN(186) in nodosimp.prg
------------------------------------------------------------------------
